2021-03-14 10:53:24.373 INFO  com.lynn.wiki.WikiApplication                     :55   [32m                  [0;39m Starting WikiApplication using Java 1.8.0_281 on linlindeMacBook-Air.local with PID 8424 (/Users/linlin/IdeaProjects/wiki/target/classes started by linlin in /Users/linlin/IdeaProjects/wiki)
2021-03-14 10:53:24.378 INFO  com.lynn.wiki.WikiApplication                     :660  [32m                  [0;39m No active profile set, falling back to default profiles: default
2021-03-14 10:53:26.213 INFO  o.s.boot.web.embedded.tomcat.TomcatWebServer      :108  [32m                  [0;39m Tomcat initialized with port(s): 8080 (http)
2021-03-14 10:53:26.242 INFO  org.apache.coyote.http11.Http11NioProtocol        :173  [32m                  [0;39m Initializing ProtocolHandler ["http-nio-8080"]
2021-03-14 10:53:26.244 INFO  org.apache.catalina.core.StandardService          :173  [32m                  [0;39m Starting service [Tomcat]
2021-03-14 10:53:26.245 INFO  org.apache.catalina.core.StandardEngine           :173  [32m                  [0;39m Starting Servlet engine: [Apache Tomcat/9.0.43]
2021-03-14 10:53:26.441 INFO  o.a.c.core.ContainerBase.[Tomcat].[localhost].[/] :173  [32m                  [0;39m Initializing Spring embedded WebApplicationContext
2021-03-14 10:53:26.442 INFO  o.s.b.w.s.c.ServletWebServerApplicationContext    :289  [32m                  [0;39m Root WebApplicationContext: initialization completed in 1868 ms
2021-03-14 10:53:26.732 INFO  o.s.scheduling.concurrent.ThreadPoolTaskExecutor  :181  [32m                  [0;39m Initializing ExecutorService 'applicationTaskExecutor'
2021-03-14 10:53:26.987 INFO  org.apache.coyote.http11.Http11NioProtocol        :173  [32m                  [0;39m Starting ProtocolHandler ["http-nio-8080"]
2021-03-14 10:53:27.047 INFO  o.s.boot.web.embedded.tomcat.TomcatWebServer      :220  [32m                  [0;39m Tomcat started on port(s): 8080 (http) with context path ''
2021-03-14 10:53:27.063 INFO  com.lynn.wiki.WikiApplication                     :61   [32m                  [0;39m Started WikiApplication in 3.236 seconds (JVM running for 4.647)
2021-03-14 11:00:13.441 INFO  o.s.scheduling.concurrent.ThreadPoolTaskExecutor  :218  [32m                  [0;39m Shutting down ExecutorService 'applicationTaskExecutor'
2021-03-14 15:26:54.482 INFO  com.lynn.wiki.WikiApplication                     :55   [32m                  [0;39m Starting WikiApplication using Java 1.8.0_281 on linlindeMacBook-Air.local with PID 24323 (/Users/linlin/IdeaProjects/wiki/target/classes started by linlin in /Users/linlin/IdeaProjects/wiki)
2021-03-14 15:26:54.490 INFO  com.lynn.wiki.WikiApplication                     :660  [32m                  [0;39m No active profile set, falling back to default profiles: default
2021-03-14 15:26:55.972 INFO  o.s.boot.web.embedded.tomcat.TomcatWebServer      :108  [32m                  [0;39m Tomcat initialized with port(s): 8080 (http)
2021-03-14 15:26:55.986 INFO  org.apache.coyote.http11.Http11NioProtocol        :173  [32m                  [0;39m Initializing ProtocolHandler ["http-nio-8080"]
2021-03-14 15:26:55.987 INFO  org.apache.catalina.core.StandardService          :173  [32m                  [0;39m Starting service [Tomcat]
2021-03-14 15:26:55.988 INFO  org.apache.catalina.core.StandardEngine           :173  [32m                  [0;39m Starting Servlet engine: [Apache Tomcat/9.0.43]
2021-03-14 15:26:56.084 INFO  o.a.c.core.ContainerBase.[Tomcat].[localhost].[/] :173  [32m                  [0;39m Initializing Spring embedded WebApplicationContext
2021-03-14 15:26:56.084 INFO  o.s.b.w.s.c.ServletWebServerApplicationContext    :289  [32m                  [0;39m Root WebApplicationContext: initialization completed in 1464 ms
2021-03-14 15:26:56.344 INFO  o.s.scheduling.concurrent.ThreadPoolTaskExecutor  :181  [32m                  [0;39m Initializing ExecutorService 'applicationTaskExecutor'
2021-03-14 15:26:56.670 INFO  org.apache.coyote.http11.Http11NioProtocol        :173  [32m                  [0;39m Starting ProtocolHandler ["http-nio-8080"]
2021-03-14 15:26:56.709 INFO  o.s.boot.web.embedded.tomcat.TomcatWebServer      :220  [32m                  [0;39m Tomcat started on port(s): 8080 (http) with context path ''
2021-03-14 15:26:56.723 INFO  com.lynn.wiki.WikiApplication                     :61   [32m                  [0;39m Started WikiApplication in 3.373 seconds (JVM running for 5.028)
2021-03-14 15:27:35.713 INFO  o.s.scheduling.concurrent.ThreadPoolTaskExecutor  :218  [32m                  [0;39m Shutting down ExecutorService 'applicationTaskExecutor'
2021-03-14 15:27:40.481 INFO  com.lynn.wiki.WikiApplication                     :55   [32m                  [0;39m Starting WikiApplication using Java 1.8.0_281 on linlindeMacBook-Air.local with PID 24390 (/Users/linlin/IdeaProjects/wiki/target/classes started by linlin in /Users/linlin/IdeaProjects/wiki)
2021-03-14 15:27:40.485 INFO  com.lynn.wiki.WikiApplication                     :660  [32m                  [0;39m No active profile set, falling back to default profiles: default
2021-03-14 15:27:41.751 INFO  o.s.boot.web.embedded.tomcat.TomcatWebServer      :108  [32m                  [0;39m Tomcat initialized with port(s): 8080 (http)
2021-03-14 15:27:41.765 INFO  org.apache.coyote.http11.Http11NioProtocol        :173  [32m                  [0;39m Initializing ProtocolHandler ["http-nio-8080"]
2021-03-14 15:27:41.766 INFO  org.apache.catalina.core.StandardService          :173  [32m                  [0;39m Starting service [Tomcat]
2021-03-14 15:27:41.767 INFO  org.apache.catalina.core.StandardEngine           :173  [32m                  [0;39m Starting Servlet engine: [Apache Tomcat/9.0.43]
2021-03-14 15:27:41.893 INFO  o.a.c.core.ContainerBase.[Tomcat].[localhost].[/] :173  [32m                  [0;39m Initializing Spring embedded WebApplicationContext
2021-03-14 15:27:41.893 INFO  o.s.b.w.s.c.ServletWebServerApplicationContext    :289  [32m                  [0;39m Root WebApplicationContext: initialization completed in 1330 ms
2021-03-14 15:27:42.128 INFO  o.s.scheduling.concurrent.ThreadPoolTaskExecutor  :181  [32m                  [0;39m Initializing ExecutorService 'applicationTaskExecutor'
2021-03-14 15:27:42.302 INFO  org.apache.coyote.http11.Http11NioProtocol        :173  [32m                  [0;39m Starting ProtocolHandler ["http-nio-8080"]
2021-03-14 15:27:42.342 INFO  o.s.boot.web.embedded.tomcat.TomcatWebServer      :220  [32m                  [0;39m Tomcat started on port(s): 8080 (http) with context path ''
2021-03-14 15:27:42.356 INFO  com.lynn.wiki.WikiApplication                     :61   [32m                  [0;39m Started WikiApplication in 2.569 seconds (JVM running for 3.45)
2021-03-14 15:27:42.360 INFO  com.lynn.wiki.WikiApplication                     :18   [32m                  [0;39m success
2021-03-14 15:27:42.361 INFO  com.lynn.wiki.WikiApplication                     :19   [32m                  [0;39m address:	http://127.0.0.1:8080
2021-03-14 15:27:44.584 INFO  o.a.c.core.ContainerBase.[Tomcat].[localhost].[/] :173  [32m                  [0;39m Initializing Spring DispatcherServlet 'dispatcherServlet'
2021-03-14 15:27:44.585 INFO  org.springframework.web.servlet.DispatcherServlet :525  [32m                  [0;39m Initializing Servlet 'dispatcherServlet'
2021-03-14 15:27:44.587 INFO  org.springframework.web.servlet.DispatcherServlet :547  [32m                  [0;39m Completed initialization in 2 ms
2021-03-14 18:09:24.648 INFO  o.s.scheduling.concurrent.ThreadPoolTaskExecutor  :218  [32m                  [0;39m Shutting down ExecutorService 'applicationTaskExecutor'
