2021-03-29 00:03:09.831 INFO  com.lynn.wiki.aspect.LogAspect                    :51   [32m                  [0;39m ------------- å¼€å§‹ -------------
2021-03-29 00:03:09.843 INFO  com.lynn.wiki.aspect.LogAspect                    :52   [32m                  [0;39m è¯·æ±‚åœ°å€: http://127.0.0.1:8081/category/all GET
2021-03-29 00:03:09.843 INFO  com.lynn.wiki.aspect.LogAspect                    :53   [32m                  [0;39m ç±»åæ–¹æ³•: com.lynn.wiki.controller.CategoryController.all
2021-03-29 00:03:09.844 INFO  com.lynn.wiki.aspect.LogAspect                    :54   [32m                  [0;39m è¿œç¨‹åœ°å€: 127.0.0.1
2021-03-29 00:03:09.845 INFO  com.lynn.wiki.aspect.LogAspect                    :76   [32m                  [0;39m è¯·æ±‚å‚æ•°: []
2021-03-29 00:03:09.857 DEBUG c.lynn.wiki.mapper.CategoryMapper.selectByExample :137  [32m                  [0;39m ==>  Preparing: select id, parent, `name`, sort from category order by sort asc
2021-03-29 00:03:09.860 DEBUG c.lynn.wiki.mapper.CategoryMapper.selectByExample :137  [32m                  [0;39m ==> Parameters: 
2021-03-29 00:03:09.869 TRACE c.lynn.wiki.mapper.CategoryMapper.selectByExample :143  [32m                  [0;39m <==    Columns: id, parent, name, sort
2021-03-29 00:03:09.870 TRACE c.lynn.wiki.mapper.CategoryMapper.selectByExample :143  [32m                  [0;39m <==        Row: 30420099013939200, 1, 1, 1
2021-03-29 00:03:09.872 TRACE c.lynn.wiki.mapper.CategoryMapper.selectByExample :143  [32m                  [0;39m <==        Row: 30875119761100800, 200, 2, 2
2021-03-29 00:03:09.873 TRACE c.lynn.wiki.mapper.CategoryMapper.selectByExample :143  [32m                  [0;39m <==        Row: 100, 1, å‰ç«¯å¼€å‘, 100
2021-03-29 00:03:09.874 TRACE c.lynn.wiki.mapper.CategoryMapper.selectByExample :143  [32m                  [0;39m <==        Row: 101, 100, Vue, 101
2021-03-29 00:03:09.874 TRACE c.lynn.wiki.mapper.CategoryMapper.selectByExample :143  [32m                  [0;39m <==        Row: 102, 100, HTML & CSS, 102
2021-03-29 00:03:09.875 TRACE c.lynn.wiki.mapper.CategoryMapper.selectByExample :143  [32m                  [0;39m <==        Row: 200, 0, Java, 200
2021-03-29 00:03:09.875 TRACE c.lynn.wiki.mapper.CategoryMapper.selectByExample :143  [32m                  [0;39m <==        Row: 201, 200, åŸºç¡€åº”ç”¨, 201
2021-03-29 00:03:09.876 TRACE c.lynn.wiki.mapper.CategoryMapper.selectByExample :143  [32m                  [0;39m <==        Row: 202, 200, æ¡†æž¶åº”ç”¨, 202
2021-03-29 00:03:09.877 TRACE c.lynn.wiki.mapper.CategoryMapper.selectByExample :143  [32m                  [0;39m <==        Row: 300, 0, Python, 300
2021-03-29 00:03:09.878 TRACE c.lynn.wiki.mapper.CategoryMapper.selectByExample :143  [32m                  [0;39m <==        Row: 301, 300, åŸºç¡€åº”ç”¨, 301
2021-03-29 00:03:09.879 TRACE c.lynn.wiki.mapper.CategoryMapper.selectByExample :143  [32m                  [0;39m <==        Row: 302, 300, è¿›é˜¶æ–¹å‘åº”ç”¨, 302
2021-03-29 00:03:09.880 TRACE c.lynn.wiki.mapper.CategoryMapper.selectByExample :143  [32m                  [0;39m <==        Row: 401, 400, MySQL, 401
2021-03-29 00:03:09.881 TRACE c.lynn.wiki.mapper.CategoryMapper.selectByExample :143  [32m                  [0;39m <==        Row: 500, 0, å…¶å®ƒ, 500
2021-03-29 00:03:09.883 TRACE c.lynn.wiki.mapper.CategoryMapper.selectByExample :143  [32m                  [0;39m <==        Row: 501, 500, æœåŠ¡å™¨, 501
2021-03-29 00:03:09.884 TRACE c.lynn.wiki.mapper.CategoryMapper.selectByExample :143  [32m                  [0;39m <==        Row: 502, 500, å¼€å‘å·¥å…·, 502
2021-03-29 00:03:09.885 TRACE c.lynn.wiki.mapper.CategoryMapper.selectByExample :143  [32m                  [0;39m <==        Row: 503, 500, çƒ­é—¨æœåŠ¡ç«¯è¯­è¨€, 503
2021-03-29 00:03:09.886 DEBUG c.lynn.wiki.mapper.CategoryMapper.selectByExample :137  [32m                  [0;39m <==      Total: 16
2021-03-29 00:03:09.896 INFO  com.lynn.wiki.aspect.LogAspect                    :88   [32m                  [0;39m è¿”å›žç»“æžœ: {"content":[{"id":30420099013939200,"name":"1","parent":1,"sort":1},{"id":30875119761100800,"name":"2","parent":200,"sort":2},{"id":100,"name":"å‰ç«¯å¼€å‘","parent":1,"sort":100},{"id":101,"name":"Vue","parent":100,"sort":101},{"id":102,"name":"HTML & CSS","parent":100,"sort":102},{"id":200,"name":"Java","parent":0,"sort":200},{"id":201,"name":"åŸºç¡€åº”ç”¨","parent":200,"sort":201},{"id":202,"name":"æ¡†æž¶åº”ç”¨","parent":200,"sort":202},{"id":300,"name":"Python","parent":0,"sort":300},{"id":301,"name":"åŸºç¡€åº”ç”¨","parent":300,"sort":301},{"id":302,"name":"è¿›é˜¶æ–¹å‘åº”ç”¨","parent":300,"sort":302},{"id":401,"name":"MySQL","parent":400,"sort":401},{"id":500,"name":"å…¶å®ƒ","parent":0,"sort":500},{"id":501,"name":"æœåŠ¡å™¨","parent":500,"sort":501},{"id":502,"name":"å¼€å‘å·¥å…·","parent":500,"sort":502},{"id":503,"name":"çƒ­é—¨æœåŠ¡ç«¯è¯­è¨€","parent":500,"sort":503}],"success":true}
2021-03-29 00:03:09.897 INFO  com.lynn.wiki.aspect.LogAspect                    :89   [32m                  [0;39m ------------- ç»“æŸ è€—æ—¶ï¼š67 ms -------------
2021-03-29 00:03:13.024 INFO  com.lynn.wiki.aspect.LogAspect                    :51   [32m                  [0;39m ------------- å¼€å§‹ -------------
2021-03-29 00:03:13.027 INFO  com.lynn.wiki.aspect.LogAspect                    :52   [32m                  [0;39m è¯·æ±‚åœ°å€: http://127.0.0.1:8081/ebook/list GET
2021-03-29 00:03:13.028 INFO  com.lynn.wiki.aspect.LogAspect                    :53   [32m                  [0;39m ç±»åæ–¹æ³•: com.lynn.wiki.controller.EbookController.list
2021-03-29 00:03:13.028 INFO  com.lynn.wiki.aspect.LogAspect                    :54   [32m                  [0;39m è¿œç¨‹åœ°å€: 127.0.0.1
2021-03-29 00:03:13.030 INFO  com.lynn.wiki.aspect.LogAspect                    :76   [32m                  [0;39m è¯·æ±‚å‚æ•°: [{"categoryId2":201,"page":1,"size":1000}]
2021-03-29 00:03:13.050 DEBUG c.l.wiki.mapper.EbookMapper.selectByExample_COUNT :137  [32m                  [0;39m ==>  Preparing: SELECT count(0) FROM ebook WHERE (category2_id = ?)
2021-03-29 00:03:13.052 DEBUG c.l.wiki.mapper.EbookMapper.selectByExample_COUNT :137  [32m                  [0;39m ==> Parameters: 201(Long)
2021-03-29 00:03:13.054 TRACE c.l.wiki.mapper.EbookMapper.selectByExample_COUNT :143  [32m                  [0;39m <==    Columns: count(0)
2021-03-29 00:03:13.055 TRACE c.l.wiki.mapper.EbookMapper.selectByExample_COUNT :143  [32m                  [0;39m <==        Row: 1
2021-03-29 00:03:13.056 DEBUG c.l.wiki.mapper.EbookMapper.selectByExample_COUNT :137  [32m                  [0;39m <==      Total: 1
2021-03-29 00:03:13.057 DEBUG com.lynn.wiki.mapper.EbookMapper.selectByExample  :137  [32m                  [0;39m ==>  Preparing: select id, `name`, category1_id, category2_id, description, cover, doc_count, view_count, vote_count from ebook WHERE ( category2_id = ? ) LIMIT ?
2021-03-29 00:03:13.057 DEBUG com.lynn.wiki.mapper.EbookMapper.selectByExample  :137  [32m                  [0;39m ==> Parameters: 201(Long), 1000(Integer)
2021-03-29 00:03:13.060 TRACE com.lynn.wiki.mapper.EbookMapper.selectByExample  :143  [32m                  [0;39m <==    Columns: id, name, category1_id, category2_id, description, cover, doc_count, view_count, vote_count
2021-03-29 00:03:13.061 TRACE com.lynn.wiki.mapper.EbookMapper.selectByExample  :143  [32m                  [0;39m <==        Row: 1, Spring Boot å…¥é—¨, 200, 201, é›¶åŸºç¡€å…¥é—¨ Java å¼€å‘ï¼Œä¼ä¸šçº§åº”ç”¨å¼€å‘æœ€ä½³é¦–é€‰æ¡†æž¶, /image/cover1.jpg, 0, 0, 0
2021-03-29 00:03:13.064 DEBUG com.lynn.wiki.mapper.EbookMapper.selectByExample  :137  [32m                  [0;39m <==      Total: 1
2021-03-29 00:03:13.066 INFO  com.lynn.wiki.service.EbookService                :51   [32m                  [0;39m æ€»è¡Œæ•°1
2021-03-29 00:03:13.068 INFO  com.lynn.wiki.service.EbookService                :52   [32m                  [0;39m æ€»é¡µæ•°1
2021-03-29 00:03:13.070 INFO  com.lynn.wiki.aspect.LogAspect                    :88   [32m                  [0;39m è¿”å›žç»“æžœ: {"content":{"list":[{"category1Id":200,"category2Id":201,"cover":"/image/cover1.jpg","description":"é›¶åŸºç¡€å…¥é—¨ Java å¼€å‘ï¼Œä¼ä¸šçº§åº”ç”¨å¼€å‘æœ€ä½³é¦–é€‰æ¡†æž¶","docCount":0,"id":1,"name":"Spring Boot å…¥é—¨","viewCount":0,"voteCount":0}],"total":1},"success":true}
2021-03-29 00:03:13.071 INFO  com.lynn.wiki.aspect.LogAspect                    :89   [32m                  [0;39m ------------- ç»“æŸ è€—æ—¶ï¼š47 ms -------------
2021-03-29 00:04:41.361 INFO  com.lynn.wiki.aspect.LogAspect                    :51   [32m                  [0;39m ------------- å¼€å§‹ -------------
2021-03-29 00:04:41.363 INFO  com.lynn.wiki.aspect.LogAspect                    :52   [32m                  [0;39m è¯·æ±‚åœ°å€: http://127.0.0.1:8081/category/all GET
2021-03-29 00:04:41.363 INFO  com.lynn.wiki.aspect.LogAspect                    :53   [32m                  [0;39m ç±»åæ–¹æ³•: com.lynn.wiki.controller.CategoryController.all
2021-03-29 00:04:41.364 INFO  com.lynn.wiki.aspect.LogAspect                    :54   [32m                  [0;39m è¿œç¨‹åœ°å€: 127.0.0.1
2021-03-29 00:04:41.365 INFO  com.lynn.wiki.aspect.LogAspect                    :76   [32m                  [0;39m è¯·æ±‚å‚æ•°: []
2021-03-29 00:04:41.368 DEBUG c.lynn.wiki.mapper.CategoryMapper.selectByExample :137  [32m                  [0;39m ==>  Preparing: select id, parent, `name`, sort from category order by sort asc
2021-03-29 00:04:41.369 DEBUG c.lynn.wiki.mapper.CategoryMapper.selectByExample :137  [32m                  [0;39m ==> Parameters: 
2021-03-29 00:04:41.372 TRACE c.lynn.wiki.mapper.CategoryMapper.selectByExample :143  [32m                  [0;39m <==    Columns: id, parent, name, sort
2021-03-29 00:04:41.373 TRACE c.lynn.wiki.mapper.CategoryMapper.selectByExample :143  [32m                  [0;39m <==        Row: 30420099013939200, 1, 1, 1
2021-03-29 00:04:41.374 TRACE c.lynn.wiki.mapper.CategoryMapper.selectByExample :143  [32m                  [0;39m <==        Row: 30875119761100800, 200, 2, 2
2021-03-29 00:04:41.375 TRACE c.lynn.wiki.mapper.CategoryMapper.selectByExample :143  [32m                  [0;39m <==        Row: 100, 1, å‰ç«¯å¼€å‘, 100
2021-03-29 00:04:41.375 TRACE c.lynn.wiki.mapper.CategoryMapper.selectByExample :143  [32m                  [0;39m <==        Row: 101, 100, Vue, 101
2021-03-29 00:04:41.377 TRACE c.lynn.wiki.mapper.CategoryMapper.selectByExample :143  [32m                  [0;39m <==        Row: 102, 100, HTML & CSS, 102
2021-03-29 00:04:41.378 TRACE c.lynn.wiki.mapper.CategoryMapper.selectByExample :143  [32m                  [0;39m <==        Row: 200, 0, Java, 200
2021-03-29 00:04:41.379 TRACE c.lynn.wiki.mapper.CategoryMapper.selectByExample :143  [32m                  [0;39m <==        Row: 201, 200, åŸºç¡€åº”ç”¨, 201
2021-03-29 00:04:41.380 TRACE c.lynn.wiki.mapper.CategoryMapper.selectByExample :143  [32m                  [0;39m <==        Row: 202, 200, æ¡†æž¶åº”ç”¨, 202
2021-03-29 00:04:41.380 TRACE c.lynn.wiki.mapper.CategoryMapper.selectByExample :143  [32m                  [0;39m <==        Row: 300, 0, Python, 300
2021-03-29 00:04:41.380 TRACE c.lynn.wiki.mapper.CategoryMapper.selectByExample :143  [32m                  [0;39m <==        Row: 301, 300, åŸºç¡€åº”ç”¨, 301
2021-03-29 00:04:41.381 TRACE c.lynn.wiki.mapper.CategoryMapper.selectByExample :143  [32m                  [0;39m <==        Row: 302, 300, è¿›é˜¶æ–¹å‘åº”ç”¨, 302
2021-03-29 00:04:41.382 TRACE c.lynn.wiki.mapper.CategoryMapper.selectByExample :143  [32m                  [0;39m <==        Row: 401, 400, MySQL, 401
2021-03-29 00:04:41.383 TRACE c.lynn.wiki.mapper.CategoryMapper.selectByExample :143  [32m                  [0;39m <==        Row: 500, 0, å…¶å®ƒ, 500
2021-03-29 00:04:41.384 TRACE c.lynn.wiki.mapper.CategoryMapper.selectByExample :143  [32m                  [0;39m <==        Row: 501, 500, æœåŠ¡å™¨, 501
2021-03-29 00:04:41.385 TRACE c.lynn.wiki.mapper.CategoryMapper.selectByExample :143  [32m                  [0;39m <==        Row: 502, 500, å¼€å‘å·¥å…·, 502
2021-03-29 00:04:41.386 TRACE c.lynn.wiki.mapper.CategoryMapper.selectByExample :143  [32m                  [0;39m <==        Row: 503, 500, çƒ­é—¨æœåŠ¡ç«¯è¯­è¨€, 503
2021-03-29 00:04:41.388 DEBUG c.lynn.wiki.mapper.CategoryMapper.selectByExample :137  [32m                  [0;39m <==      Total: 16
2021-03-29 00:04:41.391 INFO  com.lynn.wiki.aspect.LogAspect                    :88   [32m                  [0;39m è¿”å›žç»“æžœ: {"content":[{"id":30420099013939200,"name":"1","parent":1,"sort":1},{"id":30875119761100800,"name":"2","parent":200,"sort":2},{"id":100,"name":"å‰ç«¯å¼€å‘","parent":1,"sort":100},{"id":101,"name":"Vue","parent":100,"sort":101},{"id":102,"name":"HTML & CSS","parent":100,"sort":102},{"id":200,"name":"Java","parent":0,"sort":200},{"id":201,"name":"åŸºç¡€åº”ç”¨","parent":200,"sort":201},{"id":202,"name":"æ¡†æž¶åº”ç”¨","parent":200,"sort":202},{"id":300,"name":"Python","parent":0,"sort":300},{"id":301,"name":"åŸºç¡€åº”ç”¨","parent":300,"sort":301},{"id":302,"name":"è¿›é˜¶æ–¹å‘åº”ç”¨","parent":300,"sort":302},{"id":401,"name":"MySQL","parent":400,"sort":401},{"id":500,"name":"å…¶å®ƒ","parent":0,"sort":500},{"id":501,"name":"æœåŠ¡å™¨","parent":500,"sort":501},{"id":502,"name":"å¼€å‘å·¥å…·","parent":500,"sort":502},{"id":503,"name":"çƒ­é—¨æœåŠ¡ç«¯è¯­è¨€","parent":500,"sort":503}],"success":true}
2021-03-29 00:04:41.392 INFO  com.lynn.wiki.aspect.LogAspect                    :89   [32m                  [0;39m ------------- ç»“æŸ è€—æ—¶ï¼š31 ms -------------
2021-03-29 00:04:53.394 INFO  com.lynn.wiki.aspect.LogAspect                    :51   [32m                  [0;39m ------------- å¼€å§‹ -------------
2021-03-29 00:04:53.395 INFO  com.lynn.wiki.aspect.LogAspect                    :52   [32m                  [0;39m è¯·æ±‚åœ°å€: http://127.0.0.1:8081/category/all GET
2021-03-29 00:04:53.396 INFO  com.lynn.wiki.aspect.LogAspect                    :53   [32m                  [0;39m ç±»åæ–¹æ³•: com.lynn.wiki.controller.CategoryController.all
2021-03-29 00:04:53.396 INFO  com.lynn.wiki.aspect.LogAspect                    :54   [32m                  [0;39m è¿œç¨‹åœ°å€: 127.0.0.1
2021-03-29 00:04:53.397 INFO  com.lynn.wiki.aspect.LogAspect                    :76   [32m                  [0;39m è¯·æ±‚å‚æ•°: []
2021-03-29 00:04:53.399 DEBUG c.lynn.wiki.mapper.CategoryMapper.selectByExample :137  [32m                  [0;39m ==>  Preparing: select id, parent, `name`, sort from category order by sort asc
2021-03-29 00:04:53.400 DEBUG c.lynn.wiki.mapper.CategoryMapper.selectByExample :137  [32m                  [0;39m ==> Parameters: 
2021-03-29 00:04:53.403 TRACE c.lynn.wiki.mapper.CategoryMapper.selectByExample :143  [32m                  [0;39m <==    Columns: id, parent, name, sort
2021-03-29 00:04:53.404 TRACE c.lynn.wiki.mapper.CategoryMapper.selectByExample :143  [32m                  [0;39m <==        Row: 30420099013939200, 1, 1, 1
2021-03-29 00:04:53.405 TRACE c.lynn.wiki.mapper.CategoryMapper.selectByExample :143  [32m                  [0;39m <==        Row: 30875119761100800, 200, 2, 2
2021-03-29 00:04:53.406 TRACE c.lynn.wiki.mapper.CategoryMapper.selectByExample :143  [32m                  [0;39m <==        Row: 100, 1, å‰ç«¯å¼€å‘, 100
2021-03-29 00:04:53.407 TRACE c.lynn.wiki.mapper.CategoryMapper.selectByExample :143  [32m                  [0;39m <==        Row: 101, 100, Vue, 101
2021-03-29 00:04:53.409 TRACE c.lynn.wiki.mapper.CategoryMapper.selectByExample :143  [32m                  [0;39m <==        Row: 102, 100, HTML & CSS, 102
2021-03-29 00:04:53.409 TRACE c.lynn.wiki.mapper.CategoryMapper.selectByExample :143  [32m                  [0;39m <==        Row: 200, 0, Java, 200
2021-03-29 00:04:53.410 TRACE c.lynn.wiki.mapper.CategoryMapper.selectByExample :143  [32m                  [0;39m <==        Row: 201, 200, åŸºç¡€åº”ç”¨, 201
2021-03-29 00:04:53.411 TRACE c.lynn.wiki.mapper.CategoryMapper.selectByExample :143  [32m                  [0;39m <==        Row: 202, 200, æ¡†æž¶åº”ç”¨, 202
2021-03-29 00:04:53.412 TRACE c.lynn.wiki.mapper.CategoryMapper.selectByExample :143  [32m                  [0;39m <==        Row: 300, 0, Python, 300
2021-03-29 00:04:53.413 TRACE c.lynn.wiki.mapper.CategoryMapper.selectByExample :143  [32m                  [0;39m <==        Row: 301, 300, åŸºç¡€åº”ç”¨, 301
2021-03-29 00:04:53.414 TRACE c.lynn.wiki.mapper.CategoryMapper.selectByExample :143  [32m                  [0;39m <==        Row: 302, 300, è¿›é˜¶æ–¹å‘åº”ç”¨, 302
2021-03-29 00:04:53.415 TRACE c.lynn.wiki.mapper.CategoryMapper.selectByExample :143  [32m                  [0;39m <==        Row: 401, 400, MySQL, 401
2021-03-29 00:04:53.416 TRACE c.lynn.wiki.mapper.CategoryMapper.selectByExample :143  [32m                  [0;39m <==        Row: 500, 0, å…¶å®ƒ, 500
2021-03-29 00:04:53.417 TRACE c.lynn.wiki.mapper.CategoryMapper.selectByExample :143  [32m                  [0;39m <==        Row: 501, 500, æœåŠ¡å™¨, 501
2021-03-29 00:04:53.418 TRACE c.lynn.wiki.mapper.CategoryMapper.selectByExample :143  [32m                  [0;39m <==        Row: 502, 500, å¼€å‘å·¥å…·, 502
2021-03-29 00:04:53.419 TRACE c.lynn.wiki.mapper.CategoryMapper.selectByExample :143  [32m                  [0;39m <==        Row: 503, 500, çƒ­é—¨æœåŠ¡ç«¯è¯­è¨€, 503
2021-03-29 00:04:53.420 DEBUG c.lynn.wiki.mapper.CategoryMapper.selectByExample :137  [32m                  [0;39m <==      Total: 16
2021-03-29 00:04:53.424 INFO  com.lynn.wiki.aspect.LogAspect                    :88   [32m                  [0;39m è¿”å›žç»“æžœ: {"content":[{"id":30420099013939200,"name":"1","parent":1,"sort":1},{"id":30875119761100800,"name":"2","parent":200,"sort":2},{"id":100,"name":"å‰ç«¯å¼€å‘","parent":1,"sort":100},{"id":101,"name":"Vue","parent":100,"sort":101},{"id":102,"name":"HTML & CSS","parent":100,"sort":102},{"id":200,"name":"Java","parent":0,"sort":200},{"id":201,"name":"åŸºç¡€åº”ç”¨","parent":200,"sort":201},{"id":202,"name":"æ¡†æž¶åº”ç”¨","parent":200,"sort":202},{"id":300,"name":"Python","parent":0,"sort":300},{"id":301,"name":"åŸºç¡€åº”ç”¨","parent":300,"sort":301},{"id":302,"name":"è¿›é˜¶æ–¹å‘åº”ç”¨","parent":300,"sort":302},{"id":401,"name":"MySQL","parent":400,"sort":401},{"id":500,"name":"å…¶å®ƒ","parent":0,"sort":500},{"id":501,"name":"æœåŠ¡å™¨","parent":500,"sort":501},{"id":502,"name":"å¼€å‘å·¥å…·","parent":500,"sort":502},{"id":503,"name":"çƒ­é—¨æœåŠ¡ç«¯è¯­è¨€","parent":500,"sort":503}],"success":true}
2021-03-29 00:04:53.425 INFO  com.lynn.wiki.aspect.LogAspect                    :89   [32m                  [0;39m ------------- ç»“æŸ è€—æ—¶ï¼š31 ms -------------
2021-03-29 00:04:56.397 INFO  com.lynn.wiki.aspect.LogAspect                    :51   [32m                  [0;39m ------------- å¼€å§‹ -------------
2021-03-29 00:04:56.398 INFO  com.lynn.wiki.aspect.LogAspect                    :52   [32m                  [0;39m è¯·æ±‚åœ°å€: http://127.0.0.1:8081/ebook/list GET
2021-03-29 00:04:56.399 INFO  com.lynn.wiki.aspect.LogAspect                    :53   [32m                  [0;39m ç±»åæ–¹æ³•: com.lynn.wiki.controller.EbookController.list
2021-03-29 00:04:56.400 INFO  com.lynn.wiki.aspect.LogAspect                    :54   [32m                  [0;39m è¿œç¨‹åœ°å€: 127.0.0.1
2021-03-29 00:04:56.401 INFO  com.lynn.wiki.aspect.LogAspect                    :76   [32m                  [0;39m è¯·æ±‚å‚æ•°: [{"categoryId2":201,"page":1,"size":1000}]
2021-03-29 00:04:56.425 DEBUG c.l.wiki.mapper.EbookMapper.selectByExample_COUNT :137  [32m                  [0;39m ==>  Preparing: SELECT count(0) FROM ebook WHERE (category2_id = ?)
2021-03-29 00:04:56.427 DEBUG c.l.wiki.mapper.EbookMapper.selectByExample_COUNT :137  [32m                  [0;39m ==> Parameters: 201(Long)
2021-03-29 00:04:56.430 TRACE c.l.wiki.mapper.EbookMapper.selectByExample_COUNT :143  [32m                  [0;39m <==    Columns: count(0)
2021-03-29 00:04:56.431 TRACE c.l.wiki.mapper.EbookMapper.selectByExample_COUNT :143  [32m                  [0;39m <==        Row: 1
2021-03-29 00:04:56.431 DEBUG c.l.wiki.mapper.EbookMapper.selectByExample_COUNT :137  [32m                  [0;39m <==      Total: 1
2021-03-29 00:04:56.432 DEBUG com.lynn.wiki.mapper.EbookMapper.selectByExample  :137  [32m                  [0;39m ==>  Preparing: select id, `name`, category1_id, category2_id, description, cover, doc_count, view_count, vote_count from ebook WHERE ( category2_id = ? ) LIMIT ?
2021-03-29 00:04:56.433 DEBUG com.lynn.wiki.mapper.EbookMapper.selectByExample  :137  [32m                  [0;39m ==> Parameters: 201(Long), 1000(Integer)
2021-03-29 00:04:56.437 TRACE com.lynn.wiki.mapper.EbookMapper.selectByExample  :143  [32m                  [0;39m <==    Columns: id, name, category1_id, category2_id, description, cover, doc_count, view_count, vote_count
2021-03-29 00:04:56.438 TRACE com.lynn.wiki.mapper.EbookMapper.selectByExample  :143  [32m                  [0;39m <==        Row: 1, Spring Boot å…¥é—¨, 200, 201, é›¶åŸºç¡€å…¥é—¨ Java å¼€å‘ï¼Œä¼ä¸šçº§åº”ç”¨å¼€å‘æœ€ä½³é¦–é€‰æ¡†æž¶, /image/cover1.jpg, 0, 0, 0
2021-03-29 00:04:56.440 DEBUG com.lynn.wiki.mapper.EbookMapper.selectByExample  :137  [32m                  [0;39m <==      Total: 1
2021-03-29 00:04:56.442 INFO  com.lynn.wiki.service.EbookService                :51   [32m                  [0;39m æ€»è¡Œæ•°1
2021-03-29 00:04:56.443 INFO  com.lynn.wiki.service.EbookService                :52   [32m                  [0;39m æ€»é¡µæ•°1
2021-03-29 00:04:56.444 INFO  com.lynn.wiki.aspect.LogAspect                    :88   [32m                  [0;39m è¿”å›žç»“æžœ: {"content":{"list":[{"category1Id":200,"category2Id":201,"cover":"/image/cover1.jpg","description":"é›¶åŸºç¡€å…¥é—¨ Java å¼€å‘ï¼Œä¼ä¸šçº§åº”ç”¨å¼€å‘æœ€ä½³é¦–é€‰æ¡†æž¶","docCount":0,"id":1,"name":"Spring Boot å…¥é—¨","viewCount":0,"voteCount":0}],"total":1},"success":true}
2021-03-29 00:04:56.445 INFO  com.lynn.wiki.aspect.LogAspect                    :89   [32m                  [0;39m ------------- ç»“æŸ è€—æ—¶ï¼š55 ms -------------
2021-03-29 00:05:11.638 INFO  com.lynn.wiki.aspect.LogAspect                    :51   [32m                  [0;39m ------------- å¼€å§‹ -------------
2021-03-29 00:05:11.639 INFO  com.lynn.wiki.aspect.LogAspect                    :52   [32m                  [0;39m è¯·æ±‚åœ°å€: http://127.0.0.1:8081/category/all GET
2021-03-29 00:05:11.640 INFO  com.lynn.wiki.aspect.LogAspect                    :53   [32m                  [0;39m ç±»åæ–¹æ³•: com.lynn.wiki.controller.CategoryController.all
2021-03-29 00:05:11.640 INFO  com.lynn.wiki.aspect.LogAspect                    :54   [32m                  [0;39m è¿œç¨‹åœ°å€: 127.0.0.1
2021-03-29 00:05:11.642 INFO  com.lynn.wiki.aspect.LogAspect                    :76   [32m                  [0;39m è¯·æ±‚å‚æ•°: []
2021-03-29 00:05:11.644 DEBUG c.lynn.wiki.mapper.CategoryMapper.selectByExample :137  [32m                  [0;39m ==>  Preparing: select id, parent, `name`, sort from category order by sort asc
2021-03-29 00:05:11.645 DEBUG c.lynn.wiki.mapper.CategoryMapper.selectByExample :137  [32m                  [0;39m ==> Parameters: 
2021-03-29 00:05:11.649 TRACE c.lynn.wiki.mapper.CategoryMapper.selectByExample :143  [32m                  [0;39m <==    Columns: id, parent, name, sort
2021-03-29 00:05:11.651 TRACE c.lynn.wiki.mapper.CategoryMapper.selectByExample :143  [32m                  [0;39m <==        Row: 30420099013939200, 1, 1, 1
2021-03-29 00:05:11.652 TRACE c.lynn.wiki.mapper.CategoryMapper.selectByExample :143  [32m                  [0;39m <==        Row: 30875119761100800, 200, 2, 2
2021-03-29 00:05:11.653 TRACE c.lynn.wiki.mapper.CategoryMapper.selectByExample :143  [32m                  [0;39m <==        Row: 100, 1, å‰ç«¯å¼€å‘, 100
2021-03-29 00:05:11.654 TRACE c.lynn.wiki.mapper.CategoryMapper.selectByExample :143  [32m                  [0;39m <==        Row: 101, 100, Vue, 101
2021-03-29 00:05:11.655 TRACE c.lynn.wiki.mapper.CategoryMapper.selectByExample :143  [32m                  [0;39m <==        Row: 102, 100, HTML & CSS, 102
2021-03-29 00:05:11.656 TRACE c.lynn.wiki.mapper.CategoryMapper.selectByExample :143  [32m                  [0;39m <==        Row: 200, 0, Java, 200
2021-03-29 00:05:11.657 TRACE c.lynn.wiki.mapper.CategoryMapper.selectByExample :143  [32m                  [0;39m <==        Row: 201, 200, åŸºç¡€åº”ç”¨, 201
2021-03-29 00:05:11.658 TRACE c.lynn.wiki.mapper.CategoryMapper.selectByExample :143  [32m                  [0;39m <==        Row: 202, 200, æ¡†æž¶åº”ç”¨, 202
2021-03-29 00:05:11.658 TRACE c.lynn.wiki.mapper.CategoryMapper.selectByExample :143  [32m                  [0;39m <==        Row: 300, 0, Python, 300
2021-03-29 00:05:11.660 TRACE c.lynn.wiki.mapper.CategoryMapper.selectByExample :143  [32m                  [0;39m <==        Row: 301, 300, åŸºç¡€åº”ç”¨, 301
2021-03-29 00:05:11.660 TRACE c.lynn.wiki.mapper.CategoryMapper.selectByExample :143  [32m                  [0;39m <==        Row: 302, 300, è¿›é˜¶æ–¹å‘åº”ç”¨, 302
2021-03-29 00:05:11.661 TRACE c.lynn.wiki.mapper.CategoryMapper.selectByExample :143  [32m                  [0;39m <==        Row: 401, 400, MySQL, 401
2021-03-29 00:05:11.661 TRACE c.lynn.wiki.mapper.CategoryMapper.selectByExample :143  [32m                  [0;39m <==        Row: 500, 0, å…¶å®ƒ, 500
2021-03-29 00:05:11.662 TRACE c.lynn.wiki.mapper.CategoryMapper.selectByExample :143  [32m                  [0;39m <==        Row: 501, 500, æœåŠ¡å™¨, 501
2021-03-29 00:05:11.663 TRACE c.lynn.wiki.mapper.CategoryMapper.selectByExample :143  [32m                  [0;39m <==        Row: 502, 500, å¼€å‘å·¥å…·, 502
2021-03-29 00:05:11.663 TRACE c.lynn.wiki.mapper.CategoryMapper.selectByExample :143  [32m                  [0;39m <==        Row: 503, 500, çƒ­é—¨æœåŠ¡ç«¯è¯­è¨€, 503
2021-03-29 00:05:11.665 DEBUG c.lynn.wiki.mapper.CategoryMapper.selectByExample :137  [32m                  [0;39m <==      Total: 16
2021-03-29 00:05:11.669 INFO  com.lynn.wiki.aspect.LogAspect                    :88   [32m                  [0;39m è¿”å›žç»“æžœ: {"content":[{"id":30420099013939200,"name":"1","parent":1,"sort":1},{"id":30875119761100800,"name":"2","parent":200,"sort":2},{"id":100,"name":"å‰ç«¯å¼€å‘","parent":1,"sort":100},{"id":101,"name":"Vue","parent":100,"sort":101},{"id":102,"name":"HTML & CSS","parent":100,"sort":102},{"id":200,"name":"Java","parent":0,"sort":200},{"id":201,"name":"åŸºç¡€åº”ç”¨","parent":200,"sort":201},{"id":202,"name":"æ¡†æž¶åº”ç”¨","parent":200,"sort":202},{"id":300,"name":"Python","parent":0,"sort":300},{"id":301,"name":"åŸºç¡€åº”ç”¨","parent":300,"sort":301},{"id":302,"name":"è¿›é˜¶æ–¹å‘åº”ç”¨","parent":300,"sort":302},{"id":401,"name":"MySQL","parent":400,"sort":401},{"id":500,"name":"å…¶å®ƒ","parent":0,"sort":500},{"id":501,"name":"æœåŠ¡å™¨","parent":500,"sort":501},{"id":502,"name":"å¼€å‘å·¥å…·","parent":500,"sort":502},{"id":503,"name":"çƒ­é—¨æœåŠ¡ç«¯è¯­è¨€","parent":500,"sort":503}],"success":true}
2021-03-29 00:05:11.670 INFO  com.lynn.wiki.aspect.LogAspect                    :89   [32m                  [0;39m ------------- ç»“æŸ è€—æ—¶ï¼š32 ms -------------
2021-03-29 00:05:16.215 INFO  com.lynn.wiki.aspect.LogAspect                    :51   [32m                  [0;39m ------------- å¼€å§‹ -------------
2021-03-29 00:05:16.216 INFO  com.lynn.wiki.aspect.LogAspect                    :52   [32m                  [0;39m è¯·æ±‚åœ°å€: http://127.0.0.1:8081/ebook/list GET
2021-03-29 00:05:16.216 INFO  com.lynn.wiki.aspect.LogAspect                    :53   [32m                  [0;39m ç±»åæ–¹æ³•: com.lynn.wiki.controller.EbookController.list
2021-03-29 00:05:16.216 INFO  com.lynn.wiki.aspect.LogAspect                    :54   [32m                  [0;39m è¿œç¨‹åœ°å€: 127.0.0.1
2021-03-29 00:05:16.217 INFO  com.lynn.wiki.aspect.LogAspect                    :76   [32m                  [0;39m è¯·æ±‚å‚æ•°: [{"categoryId2":201,"page":1,"size":1000}]
2021-03-29 00:05:16.220 DEBUG c.l.wiki.mapper.EbookMapper.selectByExample_COUNT :137  [32m                  [0;39m ==>  Preparing: SELECT count(0) FROM ebook WHERE (category2_id = ?)
2021-03-29 00:05:16.221 DEBUG c.l.wiki.mapper.EbookMapper.selectByExample_COUNT :137  [32m                  [0;39m ==> Parameters: 201(Long)
2021-03-29 00:05:16.225 TRACE c.l.wiki.mapper.EbookMapper.selectByExample_COUNT :143  [32m                  [0;39m <==    Columns: count(0)
2021-03-29 00:05:16.225 TRACE c.l.wiki.mapper.EbookMapper.selectByExample_COUNT :143  [32m                  [0;39m <==        Row: 1
2021-03-29 00:05:16.226 DEBUG c.l.wiki.mapper.EbookMapper.selectByExample_COUNT :137  [32m                  [0;39m <==      Total: 1
2021-03-29 00:05:16.227 DEBUG com.lynn.wiki.mapper.EbookMapper.selectByExample  :137  [32m                  [0;39m ==>  Preparing: select id, `name`, category1_id, category2_id, description, cover, doc_count, view_count, vote_count from ebook WHERE ( category2_id = ? ) LIMIT ?
2021-03-29 00:05:16.229 DEBUG com.lynn.wiki.mapper.EbookMapper.selectByExample  :137  [32m                  [0;39m ==> Parameters: 201(Long), 1000(Integer)
2021-03-29 00:05:16.231 TRACE com.lynn.wiki.mapper.EbookMapper.selectByExample  :143  [32m                  [0;39m <==    Columns: id, name, category1_id, category2_id, description, cover, doc_count, view_count, vote_count
2021-03-29 00:05:16.232 TRACE com.lynn.wiki.mapper.EbookMapper.selectByExample  :143  [32m                  [0;39m <==        Row: 1, Spring Boot å…¥é—¨, 200, 201, é›¶åŸºç¡€å…¥é—¨ Java å¼€å‘ï¼Œä¼ä¸šçº§åº”ç”¨å¼€å‘æœ€ä½³é¦–é€‰æ¡†æž¶, /image/cover1.jpg, 0, 0, 0
2021-03-29 00:05:16.235 DEBUG com.lynn.wiki.mapper.EbookMapper.selectByExample  :137  [32m                  [0;39m <==      Total: 1
2021-03-29 00:05:16.237 INFO  com.lynn.wiki.service.EbookService                :51   [32m                  [0;39m æ€»è¡Œæ•°1
2021-03-29 00:05:16.238 INFO  com.lynn.wiki.service.EbookService                :52   [32m                  [0;39m æ€»é¡µæ•°1
2021-03-29 00:05:16.246 INFO  com.lynn.wiki.aspect.LogAspect                    :88   [32m                  [0;39m è¿”å›žç»“æžœ: {"content":{"list":[{"category1Id":200,"category2Id":201,"cover":"/image/cover1.jpg","description":"é›¶åŸºç¡€å…¥é—¨ Java å¼€å‘ï¼Œä¼ä¸šçº§åº”ç”¨å¼€å‘æœ€ä½³é¦–é€‰æ¡†æž¶","docCount":0,"id":1,"name":"Spring Boot å…¥é—¨","viewCount":0,"voteCount":0}],"total":1},"success":true}
2021-03-29 00:05:16.246 INFO  com.lynn.wiki.aspect.LogAspect                    :89   [32m                  [0;39m ------------- ç»“æŸ è€—æ—¶ï¼š31 ms -------------
2021-03-29 00:05:17.735 INFO  com.lynn.wiki.aspect.LogAspect                    :51   [32m                  [0;39m ------------- å¼€å§‹ -------------
2021-03-29 00:05:17.736 INFO  com.lynn.wiki.aspect.LogAspect                    :52   [32m                  [0;39m è¯·æ±‚åœ°å€: http://127.0.0.1:8081/doc/all/1 GET
2021-03-29 00:05:17.736 INFO  com.lynn.wiki.aspect.LogAspect                    :53   [32m                  [0;39m ç±»åæ–¹æ³•: com.lynn.wiki.controller.DocController.all
2021-03-29 00:05:17.737 INFO  com.lynn.wiki.aspect.LogAspect                    :54   [32m                  [0;39m è¿œç¨‹åœ°å€: 127.0.0.1
2021-03-29 00:05:17.737 INFO  com.lynn.wiki.aspect.LogAspect                    :76   [32m                  [0;39m è¯·æ±‚å‚æ•°: [1]
2021-03-29 00:05:17.768 DEBUG com.lynn.wiki.mapper.DocMapper.selectByExample    :137  [32m                  [0;39m ==>  Preparing: select id, ebook_id, parent, `name`, sort, view_count, vote_count from doc WHERE ( ebook_id = ? ) order by sort asc
2021-03-29 00:05:17.769 DEBUG com.lynn.wiki.mapper.DocMapper.selectByExample    :137  [32m                  [0;39m ==> Parameters: 1(Long)
2021-03-29 00:05:17.777 TRACE com.lynn.wiki.mapper.DocMapper.selectByExample    :143  [32m                  [0;39m <==    Columns: id, ebook_id, parent, name, sort, view_count, vote_count
2021-03-29 00:05:17.778 TRACE com.lynn.wiki.mapper.DocMapper.selectByExample    :143  [32m                  [0;39m <==        Row: 1, 1, 0, æ–‡æ¡£1, 1, 0, 0
2021-03-29 00:05:17.779 TRACE com.lynn.wiki.mapper.DocMapper.selectByExample    :143  [32m                  [0;39m <==        Row: 2, 1, 1, æ–‡æ¡£1.1, 1, 0, 0
2021-03-29 00:05:17.780 TRACE com.lynn.wiki.mapper.DocMapper.selectByExample    :143  [32m                  [0;39m <==        Row: 4, 1, 3, æ–‡æ¡£2.1, 1, 0, 0
2021-03-29 00:05:17.781 TRACE com.lynn.wiki.mapper.DocMapper.selectByExample    :143  [32m                  [0;39m <==        Row: 6, 1, 5, æ–‡æ¡£2.2.1, 1, 0, 0
2021-03-29 00:05:17.781 TRACE com.lynn.wiki.mapper.DocMapper.selectByExample    :143  [32m                  [0;39m <==        Row: 3, 1, 0, æ–‡æ¡£2, 2, 0, 0
2021-03-29 00:05:17.782 TRACE com.lynn.wiki.mapper.DocMapper.selectByExample    :143  [32m                  [0;39m <==        Row: 5, 1, 3, æ–‡æ¡£2.2, 2, 0, 0
2021-03-29 00:05:17.784 DEBUG com.lynn.wiki.mapper.DocMapper.selectByExample    :137  [32m                  [0;39m <==      Total: 6
2021-03-29 00:05:17.809 INFO  com.lynn.wiki.aspect.LogAspect                    :88   [32m                  [0;39m è¿”å›žç»“æžœ: {"content":[{"ebookId":1,"id":1,"name":"æ–‡æ¡£1","parent":0,"sort":1,"viewCount":0,"voteCount":0},{"ebookId":1,"id":2,"name":"æ–‡æ¡£1.1","parent":1,"sort":1,"viewCount":0,"voteCount":0},{"ebookId":1,"id":4,"name":"æ–‡æ¡£2.1","parent":3,"sort":1,"viewCount":0,"voteCount":0},{"ebookId":1,"id":6,"name":"æ–‡æ¡£2.2.1","parent":5,"sort":1,"viewCount":0,"voteCount":0},{"ebookId":1,"id":3,"name":"æ–‡æ¡£2","parent":0,"sort":2,"viewCount":0,"voteCount":0},{"ebookId":1,"id":5,"name":"æ–‡æ¡£2.2","parent":3,"sort":2,"viewCount":0,"voteCount":0}],"success":true}
2021-03-29 00:05:17.810 INFO  com.lynn.wiki.aspect.LogAspect                    :89   [32m                  [0;39m ------------- ç»“æŸ è€—æ—¶ï¼š75 ms -------------
